<?xml version="1.0" encoding="UTF-8"?>
<testng-results ignored="0" total="1" passed="1" failed="0" skipped="0">
  <reporter-output>
  </reporter-output>
  <suite started-at="2023-05-10T13:27:01 IST" name="DELLDemo" finished-at="2023-05-10T13:29:21 IST" duration-ms="140097">
    <groups>
      <group name="cucumber">
        <method signature="AbstractTestNGCucumberTests.runScenario(io.cucumber.testng.PickleWrapper,io.cucumber.testng.FeatureWrapper)[pri:0, instance:com.example.runner.CucumberRunnerTests@447a020]" name="runScenario" class="io.cucumber.testng.AbstractTestNGCucumberTests"/>
      </group> <!-- cucumber -->
    </groups>
    <test started-at="2023-05-10T13:27:01 IST" name="DElltest" finished-at="2023-05-10T13:29:21 IST" duration-ms="140097">
      <class name="com.example.runner.CucumberRunnerTests">
        <test-method is-config="true" signature="setUpClass(org.testng.ITestContext)[pri:0, instance:com.example.runner.CucumberRunnerTests@447a020]" started-at="2023-05-10T13:27:02 IST" name="setUpClass" finished-at="2023-05-10T13:27:03 IST" duration-ms="1143" status="PASS">
          <params>
            <param index="0">
              <value>
                <![CDATA[org.testng.TestRunner@70ee1963]]>
              </value>
            </param>
          </params>
          <reporter-output>
          </reporter-output>
        </test-method> <!-- setUpClass -->
        <test-method signature="runScenario(io.cucumber.testng.PickleWrapper,io.cucumber.testng.FeatureWrapper)[pri:0, instance:com.example.runner.CucumberRunnerTests@447a020]" started-at="2023-05-10T13:27:03 IST" name="runScenario" description="Runs Cucumber Scenarios" data-provider="scenarios" finished-at="2023-05-10T13:29:19 IST" duration-ms="136556" status="PASS">
          <params>
            <param index="0">
              <value>
                <![CDATA["Test AU Dell Site checking"]]>
              </value>
            </param>
            <param index="1">
              <value>
                <![CDATA["Test the AU DELL SITE"]]>
              </value>
            </param>
          </params>
          <reporter-output>
          </reporter-output>
        </test-method> <!-- runScenario -->
        <test-method is-config="true" signature="tearDownClass()[pri:0, instance:com.example.runner.CucumberRunnerTests@447a020]" started-at="2023-05-10T13:29:19 IST" name="tearDownClass" finished-at="2023-05-10T13:29:21 IST" duration-ms="2100" status="PASS">
          <reporter-output>
          </reporter-output>
        </test-method> <!-- tearDownClass -->
      </class> <!-- com.example.runner.CucumberRunnerTests -->
    </test> <!-- DElltest -->
  </suite> <!-- DELLDemo -->
</testng-results>
