<?xml version="1.0" encoding="UTF-8"?>
<testng-results ignored="0" total="1" passed="1" failed="0" skipped="0">
  <reporter-output>
  </reporter-output>
  <suite started-at="2023-05-09T21:32:27 IST" name="DELLDemo" finished-at="2023-05-09T21:33:56 IST" duration-ms="89151">
    <groups>
      <group name="cucumber">
        <method signature="AbstractTestNGCucumberTests.runScenario(io.cucumber.testng.PickleWrapper,io.cucumber.testng.FeatureWrapper)[pri:0, instance:com.example.runner.CucumberRunnerTests@5c08c46a]" name="runScenario" class="io.cucumber.testng.AbstractTestNGCucumberTests"/>
      </group> <!-- cucumber -->
    </groups>
    <test started-at="2023-05-09T21:32:27 IST" name="DElltest" finished-at="2023-05-09T21:33:56 IST" duration-ms="89151">
      <class name="com.example.runner.CucumberRunnerTests">
        <test-method is-config="true" signature="setUpClass(org.testng.ITestContext)[pri:0, instance:com.example.runner.CucumberRunnerTests@5c08c46a]" started-at="2023-05-09T21:32:27 IST" name="setUpClass" finished-at="2023-05-09T21:32:28 IST" duration-ms="925" status="PASS">
          <params>
            <param index="0">
              <value>
                <![CDATA[org.testng.TestRunner@39f4a7c4]]>
              </value>
            </param>
          </params>
          <reporter-output>
          </reporter-output>
        </test-method> <!-- setUpClass -->
        <test-method signature="runScenario(io.cucumber.testng.PickleWrapper,io.cucumber.testng.FeatureWrapper)[pri:0, instance:com.example.runner.CucumberRunnerTests@5c08c46a]" started-at="2023-05-09T21:32:28 IST" name="runScenario" description="Runs Cucumber Scenarios" data-provider="scenarios" finished-at="2023-05-09T21:33:54 IST" duration-ms="85329" status="PASS">
          <params>
            <param index="0">
              <value>
                <![CDATA["Test AU Dell Site checking"]]>
              </value>
            </param>
            <param index="1">
              <value>
                <![CDATA["Test the AU DELL SITE"]]>
              </value>
            </param>
          </params>
          <reporter-output>
          </reporter-output>
        </test-method> <!-- runScenario -->
        <test-method is-config="true" signature="tearDownClass()[pri:0, instance:com.example.runner.CucumberRunnerTests@5c08c46a]" started-at="2023-05-09T21:33:54 IST" name="tearDownClass" finished-at="2023-05-09T21:33:56 IST" duration-ms="2523" status="PASS">
          <reporter-output>
          </reporter-output>
        </test-method> <!-- tearDownClass -->
      </class> <!-- com.example.runner.CucumberRunnerTests -->
    </test> <!-- DElltest -->
  </suite> <!-- DELLDemo -->
</testng-results>
