<?xml version="1.0" encoding="UTF-8"?>
<testng-results ignored="0" total="1" passed="1" failed="0" skipped="0">
  <reporter-output>
  </reporter-output>
  <suite started-at="2023-08-09T11:54:20 IST" name="DELLDemo" finished-at="2023-08-09T12:02:38 IST" duration-ms="498140">
    <groups>
      <group name="cucumber">
        <method signature="AbstractTestNGCucumberTests.runScenario(io.cucumber.testng.PickleWrapper,io.cucumber.testng.FeatureWrapper)[pri:0, instance:com.example.runner.CucumberRunnerTests@c2db68f]" name="runScenario" class="io.cucumber.testng.AbstractTestNGCucumberTests"/>
      </group> <!-- cucumber -->
    </groups>
    <test started-at="2023-08-09T11:54:20 IST" name="DElltest" finished-at="2023-08-09T12:02:38 IST" duration-ms="498140">
      <class name="com.example.runner.CucumberRunnerTests">
        <test-method is-config="true" signature="setUpClass(org.testng.ITestContext)[pri:0, instance:com.example.runner.CucumberRunnerTests@c2db68f]" started-at="2023-08-09T11:54:20 IST" name="setUpClass" finished-at="2023-08-09T11:54:23 IST" duration-ms="3025" status="PASS">
          <params>
            <param index="0">
              <value>
                <![CDATA[org.testng.TestRunner@6686507b]]>
              </value>
            </param>
          </params>
          <reporter-output>
          </reporter-output>
        </test-method> <!-- setUpClass -->
        <test-method signature="runScenario(io.cucumber.testng.PickleWrapper,io.cucumber.testng.FeatureWrapper)[pri:0, instance:com.example.runner.CucumberRunnerTests@c2db68f]" started-at="2023-08-09T11:54:23 IST" name="runScenario" description="Runs Cucumber Scenarios" data-provider="scenarios" finished-at="2023-08-09T12:02:33 IST" duration-ms="489763" status="PASS">
          <params>
            <param index="0">
              <value>
                <![CDATA["Test CN Dell site checking"]]>
              </value>
            </param>
            <param index="1">
              <value>
                <![CDATA["Test the AU and CN DELL SITE"]]>
              </value>
            </param>
          </params>
          <reporter-output>
          </reporter-output>
        </test-method> <!-- runScenario -->
        <test-method is-config="true" signature="tearDownClass()[pri:0, instance:com.example.runner.CucumberRunnerTests@c2db68f]" started-at="2023-08-09T12:02:33 IST" name="tearDownClass" finished-at="2023-08-09T12:02:38 IST" duration-ms="4941" status="PASS">
          <reporter-output>
          </reporter-output>
        </test-method> <!-- tearDownClass -->
      </class> <!-- com.example.runner.CucumberRunnerTests -->
    </test> <!-- DElltest -->
  </suite> <!-- DELLDemo -->
</testng-results>
